2023-04-05T00:48:16+00:00 NOTICE sync.completed :: Finished Sync :: Wed, Apr 5, 2023 12:48 AM (total time: 10:25:29)
2023-04-05T04:16:50+00:00 NOTICE sync.completed :: Finished Sync :: Wed, Apr 5, 2023 4:16 AM (total time: 13:54:03)
2023-04-05T04:30:26+00:00 NOTICE sync.completed :: Finished Sync :: Wed, Apr 5, 2023 4:30 AM (total time: 14:07:39)
2023-04-05T04:35:45+00:00 NOTICE sync.completed :: Finished Sync :: Wed, Apr 5, 2023 4:35 AM (total time: 14:12:58)
2023-04-05T04:41:47+00:00 NOTICE sync.completed :: Finished Sync :: Wed, Apr 5, 2023 4:41 AM (total time: 14:19:00)
2023-04-05T04:46:56+00:00 NOTICE sync.completed :: Finished Sync :: Wed, Apr 5, 2023 4:46 AM (total time: 14:24:09)
2023-04-05T04:52:58+00:00 NOTICE sync.completed :: Finished Sync :: Wed, Apr 5, 2023 4:52 AM (total time: 14:30:11)
2023-04-05T04:58:16+00:00 NOTICE sync.completed :: Finished Sync :: Wed, Apr 5, 2023 4:58 AM (total time: 14:35:29)
2023-04-05T05:04:21+00:00 NOTICE sync.completed :: Finished Sync :: Wed, Apr 5, 2023 5:04 AM (total time: 14:41:34)
2023-04-05T05:09:46+00:00 NOTICE sync.completed :: Finished Sync :: Wed, Apr 5, 2023 5:09 AM (total time: 14:46:59)
2023-04-05T05:16:43+00:00 NOTICE sync.completed :: Finished Sync :: Wed, Apr 5, 2023 5:16 AM (total time: 14:53:56)
2023-04-05T05:20:08+00:00 NOTICE action_scheduler.queue_job :: MailChimp_WooCommerce_Cart_Update queued :: obj_id 74b0ca5688343b807b6f40e9aac43884
2023-04-05T05:20:50+00:00 NOTICE action_scheduler.queue_job :: MailChimp_WooCommerce_Cart_Update queued :: obj_id 6e980dfb4216bd8151bdf62b13ec1b86
2023-04-05T05:21:17+00:00 NOTICE action_scheduler.queue_job :: MailChimp_WooCommerce_Single_Order starts in 90 seconds :: obj_id 1340
2023-04-05T05:21:19+00:00 NOTICE debug :: Order ID 1340 was pending and is now on-hold :: Array
(
    [new_order] => 
    [tracking] => 
)

2023-04-05T05:22:46+00:00 NOTICE abandoned_cart.success :: email: huynhngaa113@gmail.com :: checkout_url: https://thietbidientu.epizy.com/checkout/?mc_cart_id=74b0ca5688343b807b6f40e9aac43884
2023-04-05T05:22:46+00:00 NOTICE cart.member.updated :: Updated huynhngaa113@gmail.com subscriber status to transactional and language to vi
2023-04-05T05:22:47+00:00 NOTICE abandoned_cart.success :: email: huynhngaa001@gmail.com :: checkout_url: https://thietbidientu.epizy.com/checkout/?mc_cart_id=6e980dfb4216bd8151bdf62b13ec1b86
2023-04-05T05:22:48+00:00 NOTICE cart.member.updated :: Updated huynhngaa001@gmail.com subscriber status to subscribed and language to vi
2023-04-05T05:23:48+00:00 NOTICE sync.completed :: Finished Sync :: Wed, Apr 5, 2023 5:23 AM (total time: 15:01:01)
2023-04-05T05:29:05+00:00 NOTICE sync.completed :: Finished Sync :: Wed, Apr 5, 2023 5:29 AM (total time: 15:06:18)
2023-04-05T05:35:07+00:00 NOTICE sync.completed :: Finished Sync :: Wed, Apr 5, 2023 5:35 AM (total time: 15:12:20)
2023-04-05T05:41:24+00:00 NOTICE sync.completed :: Finished Sync :: Wed, Apr 5, 2023 5:41 AM (total time: 15:18:37)
2023-04-05T05:46:42+00:00 NOTICE sync.completed :: Finished Sync :: Wed, Apr 5, 2023 5:46 AM (total time: 15:23:55)
2023-04-05T05:51:44+00:00 NOTICE sync.completed :: Finished Sync :: Wed, Apr 5, 2023 5:51 AM (total time: 15:28:57)
2023-04-05T05:55:22+00:00 NOTICE action_scheduler.queue_job :: MailChimp_WooCommerce_Cart_Update queued :: obj_id 74b0ca5688343b807b6f40e9aac43884
2023-04-05T05:56:48+00:00 NOTICE sync.completed :: Finished Sync :: Wed, Apr 5, 2023 5:56 AM (total time: 15:34:01)
2023-04-05T06:01:53+00:00 NOTICE abandoned_cart.success :: email: huynhngaa113@gmail.com :: checkout_url: https://thietbidientu.epizy.com/checkout/?mc_cart_id=74b0ca5688343b807b6f40e9aac43884
2023-04-05T06:01:53+00:00 NOTICE sync.completed :: Finished Sync :: Wed, Apr 5, 2023 6:01 AM (total time: 15:39:06)
2023-04-05T06:02:13+00:00 NOTICE action_scheduler.queue_job :: MailChimp_WooCommerce_Cart_Update queued :: obj_id 74b0ca5688343b807b6f40e9aac43884
2023-04-05T06:06:57+00:00 NOTICE sync.completed :: Finished Sync :: Wed, Apr 5, 2023 6:06 AM (total time: 15:44:10)
2023-04-05T06:12:49+00:00 NOTICE abandoned_cart.success :: email: huynhngaa113@gmail.com :: checkout_url: https://thietbidientu.epizy.com/checkout/?mc_cart_id=74b0ca5688343b807b6f40e9aac43884
2023-04-05T06:12:49+00:00 NOTICE sync.completed :: Finished Sync :: Wed, Apr 5, 2023 6:12 AM (total time: 15:50:02)
2023-04-05T06:17:42+00:00 NOTICE action_scheduler.queue_job :: MailChimp_WooCommerce_Cart_Update queued :: obj_id 74b0ca5688343b807b6f40e9aac43884
2023-04-05T06:18:49+00:00 NOTICE sync.completed :: Finished Sync :: Wed, Apr 5, 2023 6:18 AM (total time: 15:56:02)
2023-04-05T06:24:42+00:00 NOTICE sync.completed :: Finished Sync :: Wed, Apr 5, 2023 6:24 AM (total time: 16:01:55)
2023-04-05T06:29:46+00:00 NOTICE sync.completed :: Finished Sync :: Wed, Apr 5, 2023 6:29 AM (total time: 16:06:59)
2023-04-05T06:35:51+00:00 NOTICE abandoned_cart.success :: email: huynhngaa113@gmail.com :: checkout_url: https://thietbidientu.epizy.com/checkout/?mc_cart_id=74b0ca5688343b807b6f40e9aac43884
2023-04-05T06:35:51+00:00 NOTICE cart.member.updated :: Updated huynhngaa113@gmail.com subscriber status to transactional and language to vi
2023-04-05T06:35:51+00:00 NOTICE sync.completed :: Finished Sync :: Wed, Apr 5, 2023 6:35 AM (total time: 16:13:04)
2023-04-05T06:41:11+00:00 NOTICE sync.completed :: Finished Sync :: Wed, Apr 5, 2023 6:41 AM (total time: 16:18:24)
2023-04-05T06:46:52+00:00 NOTICE sync.completed :: Finished Sync :: Wed, Apr 5, 2023 6:46 AM (total time: 16:24:05)
2023-04-05T06:53:02+00:00 NOTICE sync.completed :: Finished Sync :: Wed, Apr 5, 2023 6:53 AM (total time: 16:30:15)
2023-04-05T06:58:03+00:00 NOTICE sync.completed :: Finished Sync :: Wed, Apr 5, 2023 6:58 AM (total time: 16:35:16)
2023-04-05T07:03:47+00:00 NOTICE sync.completed :: Finished Sync :: Wed, Apr 5, 2023 7:03 AM (total time: 16:41:00)
2023-04-05T07:08:55+00:00 NOTICE sync.completed :: Finished Sync :: Wed, Apr 5, 2023 7:08 AM (total time: 16:46:08)
2023-04-05T07:14:22+00:00 NOTICE sync.completed :: Finished Sync :: Wed, Apr 5, 2023 7:14 AM (total time: 16:51:35)
2023-04-05T07:21:02+00:00 NOTICE sync.completed :: Finished Sync :: Wed, Apr 5, 2023 7:21 AM (total time: 16:58:15)
2023-04-05T07:27:05+00:00 NOTICE sync.completed :: Finished Sync :: Wed, Apr 5, 2023 7:27 AM (total time: 17:04:18)
2023-04-05T07:46:46+00:00 NOTICE sync.completed :: Finished Sync :: Wed, Apr 5, 2023 7:46 AM (total time: 17:23:59)
2023-04-05T07:52:44+00:00 NOTICE sync.completed :: Finished Sync :: Wed, Apr 5, 2023 7:52 AM (total time: 17:29:57)
2023-04-05T07:58:29+00:00 NOTICE sync.completed :: Finished Sync :: Wed, Apr 5, 2023 7:58 AM (total time: 17:35:42)
2023-04-05T08:00:38+00:00 NOTICE action_scheduler.queue_job :: MailChimp_WooCommerce_Cart_Update queued :: obj_id 74b0ca5688343b807b6f40e9aac43884
2023-04-05T08:03:50+00:00 NOTICE sync.completed :: Finished Sync :: Wed, Apr 5, 2023 8:03 AM (total time: 17:41:03)
2023-04-05T08:10:09+00:00 NOTICE abandoned_cart.success :: email: huynhngaa113@gmail.com :: checkout_url: https://thietbidientu.epizy.com/checkout/?mc_cart_id=74b0ca5688343b807b6f40e9aac43884
2023-04-05T08:10:09+00:00 NOTICE cart.member.updated :: Updated huynhngaa113@gmail.com subscriber status to transactional and language to vi
2023-04-05T08:10:09+00:00 NOTICE sync.completed :: Finished Sync :: Wed, Apr 5, 2023 8:10 AM (total time: 17:47:22)
2023-04-05T08:16:09+00:00 NOTICE sync.completed :: Finished Sync :: Wed, Apr 5, 2023 8:16 AM (total time: 17:53:22)
2023-04-05T08:23:28+00:00 NOTICE sync.completed :: Finished Sync :: Wed, Apr 5, 2023 8:23 AM (total time: 18:00:41)
2023-04-05T08:28:44+00:00 NOTICE sync.completed :: Finished Sync :: Wed, Apr 5, 2023 8:28 AM (total time: 18:05:57)
2023-04-05T08:33:52+00:00 NOTICE sync.completed :: Finished Sync :: Wed, Apr 5, 2023 8:33 AM (total time: 18:11:05)
2023-04-05T08:40:18+00:00 NOTICE sync.completed :: Finished Sync :: Wed, Apr 5, 2023 8:40 AM (total time: 18:17:31)
2023-04-05T08:46:22+00:00 NOTICE sync.completed :: Finished Sync :: Wed, Apr 5, 2023 8:46 AM (total time: 18:23:35)
2023-04-05T08:51:46+00:00 NOTICE sync.completed :: Finished Sync :: Wed, Apr 5, 2023 8:51 AM (total time: 18:28:59)
2023-04-05T08:57:41+00:00 NOTICE sync.completed :: Finished Sync :: Wed, Apr 5, 2023 8:57 AM (total time: 18:34:54)
2023-04-05T09:02:45+00:00 NOTICE sync.completed :: Finished Sync :: Wed, Apr 5, 2023 9:02 AM (total time: 18:39:58)
2023-04-05T09:08:32+00:00 NOTICE sync.completed :: Finished Sync :: Wed, Apr 5, 2023 9:08 AM (total time: 18:45:45)
2023-04-05T09:14:24+00:00 NOTICE sync.completed :: Finished Sync :: Wed, Apr 5, 2023 9:14 AM (total time: 18:51:37)
2023-04-05T09:20:43+00:00 NOTICE sync.completed :: Finished Sync :: Wed, Apr 5, 2023 9:20 AM (total time: 18:57:56)
2023-04-05T09:25:45+00:00 NOTICE sync.completed :: Finished Sync :: Wed, Apr 5, 2023 9:25 AM (total time: 19:02:58)
2023-04-05T09:31:10+00:00 NOTICE sync.completed :: Finished Sync :: Wed, Apr 5, 2023 9:31 AM (total time: 19:08:23)
2023-04-05T09:36:40+00:00 NOTICE sync.completed :: Finished Sync :: Wed, Apr 5, 2023 9:36 AM (total time: 19:13:53)
2023-04-05T09:40:16+00:00 NOTICE action_scheduler.queue_job :: MailChimp_WooCommerce_Cart_Update queued :: obj_id 74b0ca5688343b807b6f40e9aac43884
2023-04-05T09:42:30+00:00 NOTICE sync.completed :: Finished Sync :: Wed, Apr 5, 2023 9:42 AM (total time: 19:19:43)
2023-04-05T09:47:35+00:00 NOTICE abandoned_cart.success :: email: huynhngaa113@gmail.com :: checkout_url: https://thietbidientu.epizy.com/checkout/?mc_cart_id=74b0ca5688343b807b6f40e9aac43884
2023-04-05T09:47:36+00:00 NOTICE cart.member.updated :: Updated huynhngaa113@gmail.com subscriber status to transactional and language to vi
2023-04-05T09:47:36+00:00 NOTICE sync.completed :: Finished Sync :: Wed, Apr 5, 2023 9:47 AM (total time: 19:24:49)
2023-04-05T09:53:22+00:00 NOTICE sync.completed :: Finished Sync :: Wed, Apr 5, 2023 9:53 AM (total time: 19:30:35)
2023-04-05T09:58:45+00:00 NOTICE sync.completed :: Finished Sync :: Wed, Apr 5, 2023 9:58 AM (total time: 19:35:58)
2023-04-05T10:05:27+00:00 NOTICE sync.completed :: Finished Sync :: Wed, Apr 5, 2023 10:05 AM (total time: 19:42:40)
2023-04-05T10:11:31+00:00 NOTICE sync.completed :: Finished Sync :: Wed, Apr 5, 2023 10:11 AM (total time: 19:48:44)
2023-04-05T10:16:41+00:00 NOTICE sync.completed :: Finished Sync :: Wed, Apr 5, 2023 10:16 AM (total time: 19:53:54)
2023-04-05T10:22:08+00:00 NOTICE sync.completed :: Finished Sync :: Wed, Apr 5, 2023 10:22 AM (total time: 19:59:21)
2023-04-05T10:29:12+00:00 NOTICE sync.completed :: Finished Sync :: Wed, Apr 5, 2023 10:29 AM (total time: 20:06:25)
2023-04-05T11:44:47+00:00 NOTICE sync.completed :: Finished Sync :: Wed, Apr 5, 2023 11:44 AM (total time: 21:22:00)
2023-04-05T11:50:03+00:00 NOTICE sync.completed :: Finished Sync :: Wed, Apr 5, 2023 11:50 AM (total time: 21:27:16)
2023-04-05T11:55:15+00:00 NOTICE sync.completed :: Finished Sync :: Wed, Apr 5, 2023 11:55 AM (total time: 21:32:28)
2023-04-05T12:02:13+00:00 NOTICE sync.completed :: Finished Sync :: Wed, Apr 5, 2023 12:02 PM (total time: 21:39:26)
2023-04-05T12:07:40+00:00 NOTICE sync.completed :: Finished Sync :: Wed, Apr 5, 2023 12:07 PM (total time: 21:44:53)
2023-04-05T12:13:45+00:00 NOTICE sync.completed :: Finished Sync :: Wed, Apr 5, 2023 12:13 PM (total time: 21:50:58)
2023-04-05T13:12:28+00:00 NOTICE sync.completed :: Finished Sync :: Wed, Apr 5, 2023 1:12 PM (total time: 22:49:41)
2023-04-05T13:32:02+00:00 NOTICE sync.completed :: Finished Sync :: Wed, Apr 5, 2023 1:32 PM (total time: 23:09:15)
2023-04-05T13:54:54+00:00 NOTICE sync.completed :: Finished Sync :: Wed, Apr 5, 2023 1:54 PM (total time: 23:32:07)
2023-04-05T14:00:48+00:00 NOTICE sync.completed :: Finished Sync :: Wed, Apr 5, 2023 2:00 PM (total time: 23:38:01)
2023-04-05T14:07:48+00:00 NOTICE sync.completed :: Finished Sync :: Wed, Apr 5, 2023 2:07 PM (total time: 23:45:01)
2023-04-05T14:13:59+00:00 NOTICE sync.completed :: Finished Sync :: Wed, Apr 5, 2023 2:13 PM (total time: 23:51:12)
2023-04-05T14:20:25+00:00 NOTICE sync.completed :: Finished Sync :: Wed, Apr 5, 2023 2:20 PM (total time: 23:57:38)
2023-04-05T14:26:01+00:00 NOTICE sync.completed :: Finished Sync :: Wed, Apr 5, 2023 2:26 PM (total time: 00:03:14)
2023-04-05T14:31:34+00:00 NOTICE sync.completed :: Finished Sync :: Wed, Apr 5, 2023 2:31 PM (total time: 00:08:47)
2023-04-05T14:36:41+00:00 NOTICE sync.completed :: Finished Sync :: Wed, Apr 5, 2023 2:36 PM (total time: 00:13:54)
2023-04-05T14:41:47+00:00 NOTICE sync.completed :: Finished Sync :: Wed, Apr 5, 2023 2:41 PM (total time: 00:19:00)
2023-04-05T14:46:50+00:00 NOTICE sync.completed :: Finished Sync :: Wed, Apr 5, 2023 2:46 PM (total time: 00:24:03)
2023-04-05T14:54:29+00:00 NOTICE sync.completed :: Finished Sync :: Wed, Apr 5, 2023 2:54 PM (total time: 00:31:42)
2023-04-05T15:00:47+00:00 NOTICE sync.completed :: Finished Sync :: Wed, Apr 5, 2023 3:00 PM (total time: 00:38:00)
2023-04-05T15:06:56+00:00 NOTICE sync.completed :: Finished Sync :: Wed, Apr 5, 2023 3:06 PM (total time: 00:44:09)
2023-04-05T15:13:55+00:00 NOTICE sync.completed :: Finished Sync :: Wed, Apr 5, 2023 3:13 PM (total time: 00:51:08)
2023-04-05T15:19:39+00:00 NOTICE sync.completed :: Finished Sync :: Wed, Apr 5, 2023 3:19 PM (total time: 00:56:52)
2023-04-05T15:25:29+00:00 NOTICE sync.completed :: Finished Sync :: Wed, Apr 5, 2023 3:25 PM (total time: 01:02:42)
2023-04-05T15:31:14+00:00 NOTICE sync.completed :: Finished Sync :: Wed, Apr 5, 2023 3:31 PM (total time: 01:08:27)
2023-04-05T15:36:15+00:00 NOTICE sync.completed :: Finished Sync :: Wed, Apr 5, 2023 3:36 PM (total time: 01:13:28)
2023-04-05T15:42:14+00:00 NOTICE sync.completed :: Finished Sync :: Wed, Apr 5, 2023 3:42 PM (total time: 01:19:27)
2023-04-05T15:48:38+00:00 NOTICE sync.completed :: Finished Sync :: Wed, Apr 5, 2023 3:48 PM (total time: 01:25:51)
2023-04-05T15:54:41+00:00 NOTICE sync.completed :: Finished Sync :: Wed, Apr 5, 2023 3:54 PM (total time: 01:31:54)
2023-04-05T16:00:45+00:00 NOTICE sync.completed :: Finished Sync :: Wed, Apr 5, 2023 4:00 PM (total time: 01:37:58)
2023-04-05T16:05:47+00:00 NOTICE sync.completed :: Finished Sync :: Wed, Apr 5, 2023 4:05 PM (total time: 01:43:00)
2023-04-05T16:11:49+00:00 NOTICE sync.completed :: Finished Sync :: Wed, Apr 5, 2023 4:11 PM (total time: 01:49:02)
2023-04-05T16:17:52+00:00 NOTICE sync.completed :: Finished Sync :: Wed, Apr 5, 2023 4:17 PM (total time: 01:55:05)
2023-04-05T16:23:55+00:00 NOTICE sync.completed :: Finished Sync :: Wed, Apr 5, 2023 4:23 PM (total time: 02:01:08)
2023-04-05T16:28:57+00:00 NOTICE sync.completed :: Finished Sync :: Wed, Apr 5, 2023 4:28 PM (total time: 02:06:10)
2023-04-05T16:35:03+00:00 NOTICE sync.completed :: Finished Sync :: Wed, Apr 5, 2023 4:35 PM (total time: 02:12:16)
2023-04-05T17:48:14+00:00 NOTICE sync.completed :: Finished Sync :: Wed, Apr 5, 2023 5:48 PM (total time: 03:25:27)
